Log file open, 04/18/17 02:26:07
LogInit:Display: Running engine for game: TefMineCraft
LogPlatformFile: Not using cached read wrapper
LogInit:Display: RandInit(-764232725) SRandInit(-764232725).
LogTaskGraph: Started task graph with 5 named threads and 8 total threads with 1 sets of task threads.
LogStats: Stats thread started at 0.128643
LogInit: Using libcurl 7.47.1
LogInit:  - built for x86_64-pc-win32
LogInit:  - supports SSL with OpenSSL/1.0.2g
LogInit:  - supports HTTP deflate (compression) using libz 1.2.8
LogInit:  - other features:
LogInit:      CURL_VERSION_SSL
LogInit:      CURL_VERSION_LIBZ
LogInit:      CURL_VERSION_IPV6
LogInit:      CURL_VERSION_ASYNCHDNS
LogInit:      CURL_VERSION_LARGEFILE
LogInit:      CURL_VERSION_IDN
LogInit:  CurlRequestOptions (configurable via config and command line):
LogInit:  - bVerifyPeer = false  - Libcurl will NOT verify peer certificate
LogInit:  - bUseHttpProxy = false  - Libcurl will NOT use HTTP proxy
LogInit:  - bDontReuseConnections = false  - Libcurl will reuse connections
LogInit:  - CertBundlePath = nullptr  - Libcurl will use whatever was configured at build time.
LogInit: Build: ++UE4+Release-4.15-CL-3348071
LogInit: Engine Version: 4.15.1-3348071+++UE4+Release-4.15
LogInit: Compatible Engine Version: 4.15.0-3299760+++UE4+Release-4.15
LogInit: Net CL: 3299760
LogDevObjectVersion: Number of dev versions registered: 14
LogDevObjectVersion:   Dev-Blueprints (B0D832E4-1F89-4F0D-ACCF-7EB736FD4AA2): 8
LogDevObjectVersion:   Dev-Build (E1C64328-A22C-4D53-A36C-8E866417BD8C): 0
LogDevObjectVersion:   Dev-Core (375EC13C-06E4-48FB-B500-84F0262A717E): 2
LogDevObjectVersion:   Dev-Editor (E4B068ED-F494-42E9-A231-DA0B2E46BB41): 14
LogDevObjectVersion:   Dev-Framework (CFFC743F-43B0-4480-9391-14DF171D2073): 22
LogDevObjectVersion:   Dev-Mobile (B02B49B5-BB20-44E9-A304-32B752E40360): 0
LogDevObjectVersion:   Dev-Networking (A4E4105C-59A1-49B5-A7C5-40C4547EDFEE): 0
LogDevObjectVersion:   Dev-Online (39C831C9-5AE6-47DC-9A44-9C173E1C8E7C): 0
LogDevObjectVersion:   Dev-Physics (78F01B33-EBEA-4F98-B9B4-84EACCB95AA2): 0
LogDevObjectVersion:   Dev-Platform (6631380F-2D4D-43E0-8009-CF276956A95A): 0
LogDevObjectVersion:   Dev-Rendering (12F88B9F-8875-4AFC-A67C-D90C383ABD29): 12
LogDevObjectVersion:   Dev-Sequencer (7B5AE74C-D270-4C10-A958-57980B212A5A): 3
LogDevObjectVersion:   Dev-VR (D7296918-1DD6-4BDD-9DE2-64A83CC13884): 0
LogDevObjectVersion:   Dev-LoadTimes (C2A15278-BFE7-4AFE-6C17-90FF531DF755): 1
LogInit: Compiled (64-bit): Mar 15 2017 16:52:47
LogInit: Compiled with Visual C++: 19.00.23026.00
LogInit: Build Configuration: Development
LogInit: Branch Name: ++UE4+Release-4.15
LogInit: Command line: -EpicPortal 
LogInit: Base directory: C:/Program Files/Epic Games/UE_4.15/Engine/Binaries/Win64/
LogInit: Installed Engine Build: 1
LogInit: Presizing for max 8388607 objects, including 0 objects not considered by GC, pre-allocating 0 bytes for permanent pool.
LogInit: Object subsystem initialized
[2017.04.18-09.26.09:751][  0]LogInit: Selected Device Profile: [Windows]
[2017.04.18-09.26.09:751][  0]LogInit: Applying CVar settings loaded from the selected device profile: [Windows]
[2017.04.18-09.26.09:818][  0]LogInit: Computer: ULTIMATESKIBUM
[2017.04.18-09.26.09:818][  0]LogInit: User: Liam
[2017.04.18-09.26.09:818][  0]LogInit: CPU Page size=65536, Cores=4
[2017.04.18-09.26.09:818][  0]LogInit: High frequency timer resolution =3.906391 MHz
[2017.04.18-09.26.09:819][  0]LogMemory: Memory total: Physical=7.9GB (8GB approx)
[2017.04.18-09.26.09:819][  0]LogMemory: Platform Memory Stats for Windows
[2017.04.18-09.26.09:819][  0]LogMemory: Process Physical Memory: 263.97 MB used, 263.97 MB peak
[2017.04.18-09.26.09:819][  0]LogMemory: Process Virtual Memory: 262.65 MB used, 262.65 MB peak
[2017.04.18-09.26.09:819][  0]LogMemory: Physical Memory: 5216.37 MB used,  2922.63 MB free, 8139.00 MB total
[2017.04.18-09.26.09:819][  0]LogMemory: Virtual Memory: 645.13 MB used,  2922.63 MB free, 134217728.00 MB total
[2017.04.18-09.26.10:155][  0]LogTextLocalizationManager: No specific translations for ('en-US') exist, so ('en') translations will be used.
[2017.04.18-09.26.17:551][  0]LogD3D11RHI: D3D11 adapters:
[2017.04.18-09.26.18:075][  0]LogD3D11RHI:    0. 'NVIDIA GeForce GTX 770' (Feature Level 11_0)
[2017.04.18-09.26.18:075][  0]LogD3D11RHI:       4063/0/4069 MB DedicatedVideo/DedicatedSystem/SharedSystem, Outputs:1, VendorId:0x10de
[2017.04.18-09.26.18:077][  0]LogD3D11RHI:    1. 'Microsoft Basic Render Driver' (Feature Level 11_0)
[2017.04.18-09.26.18:077][  0]LogD3D11RHI:       0/0/4069 MB DedicatedVideo/DedicatedSystem/SharedSystem, Outputs:0, VendorId:0x1414
[2017.04.18-09.26.18:077][  0]LogD3D11RHI: Chosen D3D11 Adapter: 0
[2017.04.18-09.26.18:109][  0]LogD3D11RHI: Creating new Direct3DDevice
[2017.04.18-09.26.18:109][  0]LogD3D11RHI:     GPU DeviceId: 0x1184 (for the marketing name, search the web for "GPU Device Id")
[2017.04.18-09.26.18:109][  0]LogWindows: EnumDisplayDevices:
[2017.04.18-09.26.18:110][  0]LogWindows:    0. 'NVIDIA GeForce GTX 770' (P:1 D:1)
[2017.04.18-09.26.18:110][  0]LogWindows:    1. 'NVIDIA GeForce GTX 770' (P:0 D:0)
[2017.04.18-09.26.18:110][  0]LogWindows:    2. 'NVIDIA GeForce GTX 770' (P:0 D:0)
[2017.04.18-09.26.18:110][  0]LogWindows:    3. 'NVIDIA GeForce GTX 770' (P:0 D:0)
[2017.04.18-09.26.18:110][  0]LogWindows: DebugString: FoundDriverCount:4 
[2017.04.18-09.26.18:110][  0]LogD3D11RHI:     Adapter Name: NVIDIA GeForce GTX 770
[2017.04.18-09.26.18:110][  0]LogD3D11RHI:   Driver Version: 381.65 (internal:22.21.13.8165, unified:381.65)
[2017.04.18-09.26.18:110][  0]LogD3D11RHI:      Driver Date: 3-31-2017
[2017.04.18-09.26.18:110][  0]LogRHI: Texture pool is 1361 MB (70% of 1945 MB)
[2017.04.18-09.26.18:572][  0]LogD3D11RHI:Warning: Timestamp queries are currently disabled on this hardware due to instability. Realtime GPU stats will not be available. You can override this behaviour by setting r.NVIDIATimestampWorkaround to 0
[2017.04.18-09.26.18:573][  0]LogD3D11RHI: Async texture creation enabled
[2017.04.18-09.26.18:657][  0]LogD3D11RHI: GPU Timing Frequency: 1000.000000 (Debug: 2 2)
[2017.04.18-09.26.18:707][  0]LogShaderCompilers: Guid format shader working directory is -22 characters bigger than the processId version (../../../../../../Users/Liam/Documents/Unreal Projects/TefMineCraft/Intermediate/Shaders/WorkingDirectory/7080/).
[2017.04.18-09.26.18:708][  0]LogShaderCompilers: Cleaned the shader compiler working directory 'C:/Users/Liam/AppData/Local/Temp/UnrealShaderWorkingDir/FC08211C44A142040481C5BB55208F65/'.
[2017.04.18-09.26.18:708][  0]LogShaderCompilers:Display: Using Local Shader Compiler.
[2017.04.18-09.26.23:038][  0]LogTemp:Display: Loaded TP AllDesktopTargetPlatform
[2017.04.18-09.26.23:154][  0]LogTemp:Display: Loaded TP MacClientTargetPlatform
[2017.04.18-09.26.23:252][  0]LogTemp:Display: Loaded TP MacNoEditorTargetPlatform
[2017.04.18-09.26.23:348][  0]LogTemp:Display: Loaded TP MacServerTargetPlatform
[2017.04.18-09.26.23:452][  0]LogTemp:Display: Loaded TP MacTargetPlatform
[2017.04.18-09.26.23:550][  0]LogTemp:Display: Loaded TP WindowsClientTargetPlatform
[2017.04.18-09.26.23:646][  0]LogTemp:Display: Loaded TP WindowsNoEditorTargetPlatform
[2017.04.18-09.26.23:745][  0]LogTemp:Display: Loaded TP WindowsServerTargetPlatform
[2017.04.18-09.26.23:827][  0]LogTemp:Display: Loaded TP WindowsTargetPlatform
[2017.04.18-09.26.23:937][  0]LogTemp:Display: Loaded TP AndroidTargetPlatform
[2017.04.18-09.26.24:036][  0]LogTemp:Display: Loaded TP Android_ASTCTargetPlatform
[2017.04.18-09.26.24:142][  0]LogTemp:Display: Loaded TP Android_ATCTargetPlatform
[2017.04.18-09.26.24:240][  0]LogTemp:Display: Loaded TP Android_DXTTargetPlatform
[2017.04.18-09.26.24:335][  0]LogTemp:Display: Loaded TP Android_ETC1TargetPlatform
[2017.04.18-09.26.24:488][  0]LogTemp:Display: Loaded TP Android_ETC2TargetPlatform
[2017.04.18-09.26.24:676][  0]LogTemp:Display: Loaded TP Android_MultiTargetPlatform
[2017.04.18-09.26.24:676][  0]LogTemp:Display: Loaded TP Android_PVRTCTargetPlatform
[2017.04.18-09.26.24:748][  0]LogTemp:Display: Loaded TP HTML5TargetPlatform
[2017.04.18-09.26.24:934][  0]LogTemp:Display: Loaded TP IOSTargetPlatform
[2017.04.18-09.26.24:997][  0]LogTemp:Display: Loaded TP TVOSTargetPlatform
[2017.04.18-09.26.25:110][  0]LogTemp:Display: Loaded TP LinuxClientTargetPlatform
[2017.04.18-09.26.25:206][  0]LogTemp:Display: Loaded TP LinuxNoEditorTargetPlatform
[2017.04.18-09.26.25:303][  0]LogTemp:Display: Loaded TP LinuxServerTargetPlatform
[2017.04.18-09.26.25:408][  0]LogTemp:Display: Loaded TP LinuxTargetPlatform
[2017.04.18-09.26.25:408][  0]LogTargetPlatformManager:Display: Building Assets For Windows
[2017.04.18-09.26.26:552][  0]LogDerivedDataCache:Display: Max Cache Size: 512 MB
[2017.04.18-09.26.26:662][  0]LogDerivedDataCache: Loaded boot cache 0.11s 52MB C:/Users/Liam/AppData/Local/UnrealEngine/4.15/DerivedDataCache/Boot.ddc.
[2017.04.18-09.26.26:662][  0]LogDerivedDataCache:Display: Loaded Boot cache: C:/Users/Liam/AppData/Local/UnrealEngine/4.15/DerivedDataCache/Boot.ddc
[2017.04.18-09.26.26:662][  0]LogDerivedDataCache: FDerivedDataBackendGraph:  Pak pak cache file ../../../../../../Users/Liam/Documents/Unreal Projects/TefMineCraft/DerivedDataCache/DDC.ddp not found, will not use a pak cache.
[2017.04.18-09.26.26:662][  0]LogDerivedDataCache: Unable to find inner node Pak for hierarchical cache Hierarchy.
[2017.04.18-09.26.26:662][  0]LogDerivedDataCache: FDerivedDataBackendGraph:  CompressedPak pak cache file ../../../../../../Users/Liam/Documents/Unreal Projects/TefMineCraft/DerivedDataCache/Compressed.ddp not found, will not use a pak cache.
[2017.04.18-09.26.26:662][  0]LogDerivedDataCache: Unable to find inner node CompressedPak for hierarchical cache Hierarchy.
[2017.04.18-09.26.26:704][  0]LogDerivedDataCache:Display: Pak cache opened for reading ../../../Engine/DerivedDataCache/Compressed.ddp.
[2017.04.18-09.26.26:716][  0]LogDerivedDataCache: Using Local data cache path C:/Users/Liam/AppData/Local/UnrealEngine/Common/DerivedDataCache: Writable
[2017.04.18-09.26.26:730][  0]LogSlate: Using Freetype 2.6.0
[2017.04.18-09.26.26:755][  0]LogSlate: SlateFontCache - WITH_FREETYPE: 1, WITH_HARFBUZZ: 1
[2017.04.18-09.26.26:755][  0]LogSlate: SlateFontCache - WITH_FREETYPE: 1, WITH_HARFBUZZ: 1
[2017.04.18-09.26.32:278][  0]LogInit: Selected Device Profile: [Windows]
[2017.04.18-09.26.32:281][  0]LogContentStreaming: Texture pool size is 0.00 MB
[2017.04.18-09.26.32:640][  0]LogMeshUtilities: Using QuadricMeshReduction for automatic static mesh reduction
[2017.04.18-09.26.32:760][  0]LogSimplygon: Simplygon DLL not present - disabling.
[2017.04.18-09.26.32:856][  0]LogMeshUtilities: Using SimplygonSwarm for distributed automatic mesh merging
[2017.04.18-09.26.32:856][  0]LogMeshUtilities: No automatic skeletal mesh reduction module available
[2017.04.18-09.26.32:856][  0]LogMeshUtilities: No automatic mesh merging module available
[2017.04.18-09.26.33:731][  0]LogNetVersion: GetLocalNetworkVersion: CL: 3299760, ProjectName: tefminecraft, ProjectVersion: , EngineNetworkVersion: 2, GameNetworkVersion: 0, NetworkChecksum: 1899195743
[2017.04.18-09.26.33:812][  0]LogAssetRegistry: FAssetRegistry took 0.0219 seconds to start up
[2017.04.18-09.26.33:918][  0]LogPackageLocalizationCache: Processed 4 localized package path(s) for 2 prioritized culture(s) in 0.064473 seconds
[2017.04.18-09.26.33:925][  0]LogUObjectArray: 32493 objects as part of root set at end of initial load.
[2017.04.18-09.26.33:925][  0]LogUObjectAllocator: 7077024 out of 0 bytes used by permanent object pool.
[2017.04.18-09.26.33:925][  0]LogUObjectArray: CloseDisregardForGC: 0/0 objects in disregard for GC pool
[2017.04.18-09.26.34:055][  0]LogInit: WinSock: version 1.1 (2.2), MaxSocks=32767, MaxUdp=65467
[2017.04.18-09.26.46:685][  0]LogTcpMessaging: Initializing TcpMessaging bridge
[2017.04.18-09.26.46:754][  0]LogUdpMessaging: Initializing bridge on interface 0.0.0.0:0 to multicast group 230.0.0.1:6666.
[2017.04.18-09.26.49:393][  0]LogMaterial: Uniform references updated for custom material expression Custom.
[2017.04.18-09.26.50:085][  0]SourceControl: Info Source control is disabled
[2017.04.18-09.26.50:087][  0]SourceControl: Info Source control is disabled
[2017.04.18-09.26.50:188][  0]SourceControl: Info Source control is disabled
[2017.04.18-09.26.50:277][  0]SourceControl: Info Source control is disabled
[2017.04.18-09.26.51:920][  0]LogHoudiniEngine: Starting the Houdini Engine module.
[2017.04.18-09.26.51:920][  0]LogHoudiniEngine: Loaded libHAPIL.dll from HFS environment path C:/PROGRA~1/SIDEEF~1/HOUDIN~1.557/bin
[2017.04.18-09.26.51:921][  0]LogLinker:Warning: Asset '../../../Engine/Plugins/Runtime/HoudiniEngine/Content/houdini_logo.uasset' has been saved with empty engine version. The asset will be loaded but may be incompatible.
[2017.04.18-09.26.51:923][  0]LogLinker:Warning: Asset '../../../Engine/Plugins/Runtime/HoudiniEngine/Content/houdini_default_material.uasset' has been saved with empty engine version. The asset will be loaded but may be incompatible.
[2017.04.18-09.26.51:928][  0]LogLinker:Warning: Asset '../../../Engine/Plugins/Runtime/HoudiniEngine/Content/houdini_bgeo_import.uasset' has been saved with empty engine version. The asset will be loaded but may be incompatible.
[2017.04.18-09.26.54:370][  0]LogHoudiniEngine: Successfully intialized the Houdini Engine API module.
[2017.04.18-09.26.55:304][  0]LogEngine: Initializing Engine...
[2017.04.18-09.26.55:304][  0]LogHMD: Failed to initialize OpenVR with code 110
[2017.04.18-09.26.55:678][  0]LogAIModule: Creating AISystem for world Untitled
[2017.04.18-09.26.55:709][  0]LogInit: XAudio2 using 'Headset Earphone (3- Logitech G933 Gaming Headset)' : 2 channels at 44.1 kHz using 16 bits per sample (channel mask 0x3)
[2017.04.18-09.26.55:736][  0]LogInit: FAudioDevice initialized.
[2017.04.18-09.26.55:791][  0]LogDerivedDataCache: Saved boot cache 0.06s 52MB C:/Users/Liam/AppData/Local/UnrealEngine/4.15/DerivedDataCache/Boot.ddc.
[2017.04.18-09.26.55:815][  0]LogInit: Texture streaming: Enabled
[2017.04.18-09.26.56:017][  0]LogEngineSessionManager: EngineSessionManager initialized
[2017.04.18-09.26.56:306][  0]LogInit: Transaction tracking system initialized
[2017.04.18-09.26.57:009][  0]BlueprintLog: New page: Editor Load
[2017.04.18-09.26.59:303][  0]LocalizationService: Info Localization service is disabled
[2017.04.18-09.27.00:688][  0]LogConsoleResponse:Display: 
[2017.04.18-09.27.00:990][  0]LogFileCache: Scanning file cache for directory 'C:/Users/Liam/Documents/Unreal Projects/TefMineCraft/Content/' took 0.04s
[2017.04.18-09.27.00:990][  0]LogCook:Display: Max memory allowance for cook 16384mb min free memory 0mb
[2017.04.18-09.27.00:990][  0]LogCook:Display: Mobile HDR setting 1
[2017.04.18-09.27.02:848][  0]LogHoudiniEngineEditor: Starting the Houdini Engine Editor module.
[2017.04.18-09.27.03:950][  0]SourceControl: Info Source control is disabled
[2017.04.18-09.27.03:950][  0]Cmd: MAP LOAD FILE="../../../../../../Users/Liam/Documents/Unreal Projects/TefMineCraft/Content/FirstPersonCPP/Maps/FirstPersonExampleMap.umap" TEMPLATE=0 SHOWPROGRESS=1 FEATURELEVEL=3
[2017.04.18-09.27.04:232][  0]LightingResults: New page: Lighting Build
[2017.04.18-09.27.04:313][  0]MapCheck: New page: Map Check
[2017.04.18-09.27.04:313][  0]LightingResults: New page: Lighting Build
[2017.04.18-09.27.06:997][  0]LogAIModule: Creating AISystem for world FirstPersonExampleMap
[2017.04.18-09.27.07:206][  0]LogEditorServer: Finished looking for orphan Actors (0.000 secs)
[2017.04.18-09.27.07:235][  0]Cmd: MAP CHECKDEP NOCLEARLOG
[2017.04.18-09.27.07:302][  0]MapCheck: Info Map check complete: 0 Error(s), 0 Warning(s), took 66.575ms to complete.
[2017.04.18-09.27.07:302][  0]LogFileHelpers: Loading map 'FirstPersonExampleMap' took 3.352
[2017.04.18-09.27.08:814][  0]LogCollectionManager: Loaded 0 collections in 0.002616 seconds
[2017.04.18-09.27.09:105][  0]LogFileCache: Scanning file cache for directory 'C:/Users/Liam/Documents/Unreal Projects/TefMineCraft/Saved/Collections/' took 0.01s
[2017.04.18-09.27.09:105][  0]LogFileCache: Scanning file cache for directory 'C:/Users/Liam/Documents/Unreal Projects/TefMineCraft/Content/Developers/Liam/Collections/' took 0.01s
[2017.04.18-09.27.09:105][  0]LogFileCache: Scanning file cache for directory 'C:/Users/Liam/Documents/Unreal Projects/TefMineCraft/Content/Collections/' took 0.01s
[2017.04.18-09.27.09:105][  0]LogCollectionManager: Rebuilt the GUID cache for 0 collections in 0.000004 seconds
[2017.04.18-09.27.09:152][  0]LogContentBrowser: Native class hierarchy populated in 0.0288 seconds. Added 2286 classes and 464 folders.
[2017.04.18-09.27.09:285][  0]LogStats: UGameplayTagsManager::ConstructGameplayTagTree: Construct from data asset -  0.000 s
[2017.04.18-09.27.09:297][  0]LogStats: UGameplayTagsManager::ConstructGameplayTagTree: GameplayTagTreeChangedEvent.Broadcast -  0.011 s
[2017.04.18-09.27.09:441][  0]LogContentBrowser: Native class hierarchy updated for 'WidgetCarousel' in 0.0029 seconds. Added 0 classes and 0 folders.
[2017.04.18-09.27.11:025][  0]LogContentBrowser: Native class hierarchy updated for 'AddContentDialog' in 0.0026 seconds. Added 0 classes and 0 folders.
[2017.04.18-09.27.11:178][  0]LogContentBrowser: Native class hierarchy updated for 'SceneOutliner' in 0.0025 seconds. Added 1 classes and 2 folders.
[2017.04.18-09.27.12:066][  0]LogCrashTracker: Crashtracker disabled due to settings.
[2017.04.18-09.27.12:589][  0]LogUObjectGlobals:Warning: Failed to find object 'Class None.'
[2017.04.18-09.27.12:872][  0]LogContentBrowser: Native class hierarchy updated for 'HierarchicalLODOutliner' in 0.0026 seconds. Added 1 classes and 2 folders.
[2017.04.18-09.27.12:872][  0]LogLoad: (Engine Initialization) Total time: 69.36 seconds
[2017.04.18-09.27.12:872][  0]LogLoad: (Engine Initialization) Total Blueprint compile time: 0.54 seconds
[2017.04.18-09.27.12:873][  0]LogExternalProfiler: Found external profiler: VSPerf
[2017.04.18-09.27.12:873][  0]LogExternalProfiler: Using external profiler: VSPerf
[2017.04.18-09.27.13:212][  0]LogOcInput: OculusInput pre-init called
[2017.04.18-09.27.13:461][  0]LogContentStreaming: Texture pool size now 800 MB
[2017.04.18-09.27.13:500][  0]LogSlate: Took 0.017323 seconds to synchronously load lazily loaded font '../../../Engine/Content/Slate/Fonts/Roboto-Regular.ttf' (155K)
[2017.04.18-09.27.13:515][  0]LogSlate: Took 0.010686 seconds to synchronously load lazily loaded font '../../../Engine/Content/Slate/Fonts/Roboto-Bold.ttf' (160K)
[2017.04.18-09.27.13:726][  0]LogSlate: Took 0.015052 seconds to synchronously load lazily loaded font '../../../Engine/Content/Editor/Slate/Fonts/FontAwesome.ttf' (139K)
[2017.04.18-09.27.15:231][  0]LogRenderer: Reallocating scene render targets to support 1164x580 NumSamples 1 (Frame:2).
[2017.04.18-09.27.15:231][  0]LogSlate: Took 0.018061 seconds to synchronously load lazily loaded font '../../../Engine/Content/Slate/Fonts/Roboto-Light.ttf' (159K)
[2017.04.18-09.27.16:511][  3]LogAssetRegistry: Asset discovery search completed in 42.7211 seconds
[2017.04.18-09.27.16:511][  3]LogCollectionManager: Rebuilt the object cache for 0 collections in 0.000012 seconds (found 0 objects)
[2017.04.18-09.27.16:511][  3]LogCollectionManager: Fixed up redirectors for 0 collections in 0.000031 seconds (updated 0 objects)
[2017.04.18-09.43.09:231][880]LogSlate: Took 0.000220 seconds to synchronously load lazily loaded font '../../../Engine/Content/Slate/Fonts/Roboto-Light.ttf' (159K)
[2017.04.18-09.43.34:725][ 97]LogVSAccessor:Warning: Couldn't goto line number '0' in 'C:/Users/Liam/Documents/Unreal Projects/TefMineCraft/Source/TefMineCraft/VoxelActor.h'
[2017.04.18-09.43.37:262][ 97]LogVSAccessor:Warning: Couldn't goto line number '0' in 'C:/Users/Liam/Documents/Unreal Projects/TefMineCraft/Source/TefMineCraft/VoxelActor.cpp'
[2017.04.18-10.17.07:181][435]Recompiling SimplexNoise...
[2017.04.18-10.17.07:181][435]Recompiling TefMineCraft...
[2017.04.18-10.17.07:182][435]Launching UnrealBuildTool... [C:/Program Files/Epic Games/UE_4.15/Engine/Binaries/DotNET/UnrealBuildTool.exe TefMineCraft -ModuleWithSuffix SimplexNoise 822 -ModuleWithSuffix TefMineCraft 3652 Win64 Development -editorrecompile -canskiplink "C:/Users/Liam/Documents/Unreal Projects/TefMineCraft/TefMineCraft.uproject" ]
[2017.04.18-10.17.07:185][435]Warning: Starting HotReload took  0.1s.
[2017.04.18-10.17.19:363][635]LogSlate: Took 0.000253 seconds to synchronously load lazily loaded font '../../../Engine/Content/Slate/Fonts/Roboto-Regular.ttf' (155K)
[2017.04.18-10.17.20:548][635]LogContentBrowser: Native class hierarchy updated for 'BlueprintGraph' in 0.0039 seconds. Added 112 classes and 0 folders.
[2017.04.18-10.17.23:806][635]LogSlate: Took 0.032474 seconds to synchronously load lazily loaded font '../../../Engine/Content/Editor/Slate/Fonts/Roboto-BoldCondensed.ttf' (158K)
[2017.04.18-10.17.29:855][850]LogSlate: Took 0.044721 seconds to synchronously load lazily loaded font '../../../Engine/Content/Editor/Slate/Fonts/Roboto-Italic.ttf' (157K)
[2017.04.18-10.17.57:082][923]LogSlate: Took 0.000312 seconds to synchronously load lazily loaded font '../../../Engine/Content/Slate/Fonts/Roboto-Light.ttf' (159K)
[2017.04.18-10.18.35:078][199]LogFileHelpers: Editor autosave (incl. sublevels) for '/Game/FirstPersonCPP/Maps/FirstPersonExampleMap' took 0.394
[2017.04.18-10.18.35:421][199]OBJ SavePackage: Generating thumbnails for [1] asset(s) in package [/Game/MyAssets/Blueprints/BP_Voxel] ([1] browsable assets)...
[2017.04.18-10.18.35:601][199]OBJ SavePackage:     Rendered thumbnail for [Blueprint /Game/MyAssets/Blueprints/BP_Voxel.BP_Voxel]
[2017.04.18-10.18.35:601][199]OBJ SavePackage: Finished generating thumbnails for package [/Game/MyAssets/Blueprints/BP_Voxel]
[2017.04.18-10.18.37:567][199]LogSavePackage: Save=734.18ms
[2017.04.18-10.18.37:567][199]LogSavePackage: Moving '../../../../../../Users/Liam/Documents/Unreal Projects/TefMineCraft/Saved/BP_Voxel_Auto17CC12DAC4DE7655C8A29D2963458C083.tmp' to '../../../../../../Users/Liam/Documents/Unreal Projects/TefMineCraft/Saved/Autosaves/Game/MyAssets/Blueprints/BP_Voxel_Auto1.uasset'
[2017.04.18-10.18.37:622][199]LogSavePackage:Display: Finished SavePackage ../../../../../../Users/Liam/Documents/Unreal Projects/TefMineCraft/Saved/Autosaves/Game/MyAssets/Blueprints/BP_Voxel_Auto1.uasset
[2017.04.18-10.18.37:622][199]LogFileHelpers: Auto-saving content packages took 2.543
[2017.04.18-10.19.36:042][ 84]CompilerResultsLog: New page: Compilation - Apr 17, 2017, 8:19:36 PM
[2017.04.18-10.19.36:042][ 84]CompilerResultsLog: Info Compiling game modules for hot reload
[2017.04.18-10.19.36:042][ 84]CompilerResultsLog: Info Parsing headers for TefMineCraftEditor
[2017.04.18-10.19.36:042][ 84]CompilerResultsLog: Info   Running UnrealHeaderTool "C:\Users\Liam\Documents\Unreal Projects\TefMineCraft\TefMineCraft.uproject" "C:\Users\Liam\Documents\Unreal Projects\TefMineCraft\Intermediate\Build\Win64\TefMineCraftEditor\Development\TefMineCraftEditor.uhtmanifest" -LogCmds="loginit warning, logexit warning, logdatabase error" -Unattended -WarningsAsErrors -installed
[2017.04.18-10.19.36:042][ 84]CompilerResultsLog: Info Reflection code generated for TefMineCraftEditor in 6.1637849 seconds
[2017.04.18-10.19.36:042][ 84]CompilerResultsLog: Info Performing 4 actions (4 in parallel)
[2017.04.18-10.19.36:042][ 84]CompilerResultsLog: Info VoxelActor.cpp
[2017.04.18-10.19.36:042][ 84]CompilerResultsLog: Info TefMineCraft.generated.cpp
[2017.04.18-10.19.36:042][ 84]CompilerResultsLog: Info [3/4] Link UE4Editor-TefMineCraft-3652.dll
[2017.04.18-10.19.36:042][ 84]CompilerResultsLog: Info [4/4] Link UE4Editor-TefMineCraft-3652.lib
[2017.04.18-10.19.36:042][ 84]CompilerResultsLog: Info    Creating library C:\Users\Liam\Documents\Unreal Projects\TefMineCraft\Intermediate\Build\Win64\UE4Editor\Development\UE4Editor-TefMineCraft-3652.lib and object C:\Users\Liam\Documents\Unreal Projects\TefMineCraft\Intermediate\Build\Win64\UE4Editor\Development\UE4Editor-TefMineCraft-3652.exp
[2017.04.18-10.19.36:042][ 84]CompilerResultsLog: Info    Creating library C:\Users\Liam\Documents\Unreal Projects\TefMineCraft\Intermediate\Build\Win64\UE4Editor\Development\UE4Editor-TefMineCraft-3652.suppressed.lib and object C:\Users\Liam\Documents\Unreal Projects\TefMineCraft\Intermediate\Build\Win64\UE4Editor\Development\UE4Editor-TefMineCraft-3652.suppressed.exp
[2017.04.18-10.19.36:042][ 84]CompilerResultsLog: Info Total build time: 148.09 seconds (Local executor: 103.59 seconds)
[2017.04.18-10.19.36:042][ 84]LogMainFrame: MainFrame: Module compiling took 148.919 seconds
[2017.04.18-10.19.36:286][ 84]LogClass: Could not find existing class VoxelActor in package /Script/TefMineCraft for HotReload, assuming new class
[2017.04.18-10.19.36:286][ 84]LogClass: Function AddInstanceVoxel is new.
[2017.04.18-10.19.36:286][ 84]LogClass: Function CalculateNoise is new.
[2017.04.18-10.19.36:286][ 84]LogClass: Function SetVoxel is new.
[2017.04.18-10.19.36:309][ 84]LogHotReload: Re-instancing VoxelActor after hot-reload.
[2017.04.18-10.19.37:625][ 84]LogContentBrowser: Native class hierarchy updated for 'TefMineCraft' in 0.0024 seconds. Added 5 classes and 2 folders.
[2017.04.18-10.19.37:628][ 84]Display: HotReload successful (1 functions remapped  0 scriptstructs remapped)
[2017.04.18-10.19.38:091][ 84]LogContentBrowser: Native class hierarchy populated in 0.0178 seconds. Added 2288 classes and 468 folders.
[2017.04.18-10.19.38:130][ 84]Display: HotReload took 151.0s.
[2017.04.18-10.19.43:260][419]Cmd: OBJ SAVEPACKAGE PACKAGE="/Game/MyAssets/Blueprints/BP_Voxel" FILE="../../../../../../Users/Liam/Documents/Unreal Projects/TefMineCraft/Content/MyAssets/Blueprints/BP_Voxel.uasset" SILENT=true
[2017.04.18-10.19.43:347][419]LogSavePackage: Save=76.22ms
[2017.04.18-10.19.43:347][419]LogSavePackage: Moving '../../../../../../Users/Liam/Documents/Unreal Projects/TefMineCraft/Saved/BP_Voxel0762230B4DBAAAE6F12E2597B421EB50.tmp' to '../../../../../../Users/Liam/Documents/Unreal Projects/TefMineCraft/Content/MyAssets/Blueprints/BP_Voxel.uasset'
[2017.04.18-10.19.43:374][419]LogSavePackage:Display: Finished SavePackage ../../../../../../Users/Liam/Documents/Unreal Projects/TefMineCraft/Content/MyAssets/Blueprints/BP_Voxel.uasset
[2017.04.18-10.21.30:867][654]BlueprintLog: New page: Compile BP_Voxel
[2017.04.18-10.21.32:369][722]Cmd: OBJ SAVEPACKAGE PACKAGE="/Game/MyAssets/Blueprints/BP_Voxel" FILE="../../../../../../Users/Liam/Documents/Unreal Projects/TefMineCraft/Content/MyAssets/Blueprints/BP_Voxel.uasset" SILENT=true
[2017.04.18-10.21.32:457][722]LogSavePackage: Save=76.72ms
[2017.04.18-10.21.32:457][722]LogSavePackage: Moving '../../../../../../Users/Liam/Documents/Unreal Projects/TefMineCraft/Saved/BP_Voxel41E7B43F4AB5DFDF26BF68AEF3456188.tmp' to '../../../../../../Users/Liam/Documents/Unreal Projects/TefMineCraft/Content/MyAssets/Blueprints/BP_Voxel.uasset'
[2017.04.18-10.21.32:485][722]LogSavePackage:Display: Finished SavePackage ../../../../../../Users/Liam/Documents/Unreal Projects/TefMineCraft/Content/MyAssets/Blueprints/BP_Voxel.uasset
[2017.04.18-10.21.39:033][140]LogTemp: Repeting last play command: Selected Viewport
[2017.04.18-10.21.39:117][140]LogBlueprintUserMessages: Early PlayInEditor Detection: Level '/Game/FirstPersonCPP/Maps/FirstPersonExampleMap.FirstPersonExampleMap:PersistentLevel' has LevelScriptBlueprint '/Game/FirstPersonCPP/Maps/FirstPersonExampleMap.FirstPersonExampleMap:PersistentLevel.FirstPersonExampleMap' with GeneratedClass '/Game/FirstPersonCPP/Maps/FirstPersonExampleMap.FirstPersonExampleMap_C' with ClassGeneratedBy '/Game/FirstPersonCPP/Maps/FirstPersonExampleMap.FirstPersonExampleMap:PersistentLevel.FirstPersonExampleMap'
[2017.04.18-10.21.39:122][140]LogPlayLevel: PlayLevel: No blueprints needed recompiling
[2017.04.18-10.21.39:178][140]PIE: New page: PIE session: FirstPersonExampleMap (Apr 17, 2017, 8:21:39 PM)
[2017.04.18-10.21.39:203][140]LogPlayLevel: Creating play world package: /Game/FirstPersonCPP/Maps/UEDPIE_0_FirstPersonExampleMap
[2017.04.18-10.21.39:493][140]LogPlayLevel: PIE: StaticDuplicateObject took: (0.290166s)
[2017.04.18-10.21.39:494][140]LogAIModule: Creating AISystem for world FirstPersonExampleMap
[2017.04.18-10.21.39:494][140]LogPlayLevel: PIE: World Init took: (0.001092s)
[2017.04.18-10.21.39:501][140]LogPlayLevel: PIE: Created PIE world by copying editor world from /Game/FirstPersonCPP/Maps/FirstPersonExampleMap.FirstPersonExampleMap to /Game/FirstPersonCPP/Maps/UEDPIE_0_FirstPersonExampleMap.FirstPersonExampleMap (0.305892s)
[2017.04.18-10.21.39:623][140]LogInit: XAudio2 using 'Headset Earphone (3- Logitech G933 Gaming Headset)' : 2 channels at 44.1 kHz using 16 bits per sample (channel mask 0x3)
[2017.04.18-10.21.39:652][140]LogInit: FAudioDevice initialized.
[2017.04.18-10.21.39:835][140]LogLoad: Game class is 'TefMineCraftGameMode'
[2017.04.18-10.21.39:947][140]LogWorld: Bringing World /Game/FirstPersonCPP/Maps/UEDPIE_0_FirstPersonExampleMap.FirstPersonExampleMap up for play (max tick rate 0) at 2017.04.18-03.21.39
[2017.04.18-10.21.39:980][140]LogWorld: Bringing up level for play took: 0.034255
[2017.04.18-10.21.40:195][140]LogContentBrowser: Native class hierarchy updated for 'MovieSceneCapture' in 0.0024 seconds. Added 11 classes and 0 folders.
[2017.04.18-10.21.40:240][140]PIE: Info Play in editor start time for /Game/FirstPersonCPP/Maps/UEDPIE_0_FirstPersonExampleMap 1.932
[2017.04.18-10.21.40:241][140]LogBlueprintUserMessages: Late PlayInEditor Detection: Level '/Game/FirstPersonCPP/Maps/FirstPersonExampleMap.FirstPersonExampleMap:PersistentLevel' has LevelScriptBlueprint '/Game/FirstPersonCPP/Maps/FirstPersonExampleMap.FirstPersonExampleMap:PersistentLevel.FirstPersonExampleMap' with GeneratedClass '/Game/FirstPersonCPP/Maps/FirstPersonExampleMap.FirstPersonExampleMap_C' with ClassGeneratedBy '/Game/FirstPersonCPP/Maps/FirstPersonExampleMap.FirstPersonExampleMap:PersistentLevel.FirstPersonExampleMap'
[2017.04.18-10.22.24:572][689]LogBlueprintUserMessages: Early EndPlayMap Detection: Level '/Game/FirstPersonCPP/Maps/FirstPersonExampleMap.FirstPersonExampleMap:PersistentLevel' has LevelScriptBlueprint '/Game/FirstPersonCPP/Maps/FirstPersonExampleMap.FirstPersonExampleMap:PersistentLevel.FirstPersonExampleMap' with GeneratedClass '/Game/FirstPersonCPP/Maps/FirstPersonExampleMap.FirstPersonExampleMap_C' with ClassGeneratedBy '/Game/FirstPersonCPP/Maps/FirstPersonExampleMap.FirstPersonExampleMap:PersistentLevel.FirstPersonExampleMap'
[2017.04.18-10.22.24:779][689]LogBlueprintUserMessages: Late EndPlayMap Detection: Level '/Game/FirstPersonCPP/Maps/FirstPersonExampleMap.FirstPersonExampleMap:PersistentLevel' has LevelScriptBlueprint '/Game/FirstPersonCPP/Maps/FirstPersonExampleMap.FirstPersonExampleMap:PersistentLevel.FirstPersonExampleMap' with GeneratedClass '/Game/FirstPersonCPP/Maps/FirstPersonExampleMap.FirstPersonExampleMap_C' with ClassGeneratedBy '/Game/FirstPersonCPP/Maps/FirstPersonExampleMap.FirstPersonExampleMap:PersistentLevel.FirstPersonExampleMap'
[2017.04.18-10.24.03:190][228]Recompiling SimplexNoise...
[2017.04.18-10.24.03:190][228]Recompiling TefMineCraft...
[2017.04.18-10.24.03:190][228]Launching UnrealBuildTool... [C:/Program Files/Epic Games/UE_4.15/Engine/Binaries/DotNET/UnrealBuildTool.exe TefMineCraft -ModuleWithSuffix SimplexNoise 2451 -ModuleWithSuffix TefMineCraft 5725 Win64 Development -editorrecompile -canskiplink "C:/Users/Liam/Documents/Unreal Projects/TefMineCraft/TefMineCraft.uproject" ]
[2017.04.18-10.24.03:193][228]Warning: Starting HotReload took  0.0s.
[2017.04.18-10.24.23:274][584]CompilerResultsLog: New page: Compilation - Apr 17, 2017, 8:24:23 PM
[2017.04.18-10.24.23:274][584]CompilerResultsLog: Info Compiling game modules for hot reload
[2017.04.18-10.24.23:274][584]CompilerResultsLog: Info Parsing headers for TefMineCraftEditor
[2017.04.18-10.24.23:274][584]CompilerResultsLog: Info   Running UnrealHeaderTool "C:\Users\Liam\Documents\Unreal Projects\TefMineCraft\TefMineCraft.uproject" "C:\Users\Liam\Documents\Unreal Projects\TefMineCraft\Intermediate\Build\Win64\TefMineCraftEditor\Development\TefMineCraftEditor.uhtmanifest" -LogCmds="loginit warning, logexit warning, logdatabase error" -Unattended -WarningsAsErrors -installed
[2017.04.18-10.24.23:274][584]CompilerResultsLog: Info Reflection code generated for TefMineCraftEditor in 5.212129 seconds
[2017.04.18-10.24.23:274][584]CompilerResultsLog: Info Performing 3 actions (4 in parallel)
[2017.04.18-10.24.23:274][584]CompilerResultsLog: Info VoxelActor.cpp
[2017.04.18-10.24.23:274][584]CompilerResultsLog: Info [2/3] Link UE4Editor-TefMineCraft-5725.dll
[2017.04.18-10.24.23:274][584]CompilerResultsLog: Info [3/3] Link UE4Editor-TefMineCraft-5725.lib
[2017.04.18-10.24.23:274][584]CompilerResultsLog: Info    Creating library C:\Users\Liam\Documents\Unreal Projects\TefMineCraft\Intermediate\Build\Win64\UE4Editor\Development\UE4Editor-TefMineCraft-5725.lib and object C:\Users\Liam\Documents\Unreal Projects\TefMineCraft\Intermediate\Build\Win64\UE4Editor\Development\UE4Editor-TefMineCraft-5725.exp
[2017.04.18-10.24.23:274][584]CompilerResultsLog: Info    Creating library C:\Users\Liam\Documents\Unreal Projects\TefMineCraft\Intermediate\Build\Win64\UE4Editor\Development\UE4Editor-TefMineCraft-5725.suppressed.lib and object C:\Users\Liam\Documents\Unreal Projects\TefMineCraft\Intermediate\Build\Win64\UE4Editor\Development\UE4Editor-TefMineCraft-5725.suppressed.exp
[2017.04.18-10.24.23:275][584]CompilerResultsLog: Info Total build time: 19.30 seconds (Local executor: 3.80 seconds)
[2017.04.18-10.24.23:275][584]LogMainFrame: MainFrame: Module compiling took 20.090 seconds
[2017.04.18-10.24.23:431][584]LogContentBrowser: Native class hierarchy updated for 'TefMineCraft' in 0.0025 seconds. Added 5 classes and 2 folders.
[2017.04.18-10.24.23:435][584]Display: HotReload successful (4 functions remapped  0 scriptstructs remapped)
[2017.04.18-10.24.23:824][584]LogContentBrowser: Native class hierarchy populated in 0.0159 seconds. Added 2288 classes and 468 folders.
[2017.04.18-10.24.23:824][584]Display: HotReload took 20.7s.
[2017.04.18-10.24.26:446][859]LogTemp: Repeting last play command: Selected Viewport
[2017.04.18-10.24.26:471][859]LogBlueprintUserMessages: Early PlayInEditor Detection: Level '/Game/FirstPersonCPP/Maps/FirstPersonExampleMap.FirstPersonExampleMap:PersistentLevel' has LevelScriptBlueprint '/Game/FirstPersonCPP/Maps/FirstPersonExampleMap.FirstPersonExampleMap:PersistentLevel.FirstPersonExampleMap' with GeneratedClass '/Game/FirstPersonCPP/Maps/FirstPersonExampleMap.FirstPersonExampleMap_C' with ClassGeneratedBy '/Game/FirstPersonCPP/Maps/FirstPersonExampleMap.FirstPersonExampleMap:PersistentLevel.FirstPersonExampleMap'
[2017.04.18-10.24.26:471][859]LogPlayLevel: PlayLevel: No blueprints needed recompiling
[2017.04.18-10.24.26:472][859]PIE: New page: PIE session: FirstPersonExampleMap (Apr 17, 2017, 8:24:26 PM)
[2017.04.18-10.24.26:472][859]LogPlayLevel: Creating play world package: /Game/FirstPersonCPP/Maps/UEDPIE_0_FirstPersonExampleMap
[2017.04.18-10.24.26:540][859]LogPlayLevel: PIE: StaticDuplicateObject took: (0.068092s)
[2017.04.18-10.24.26:541][859]LogAIModule: Creating AISystem for world FirstPersonExampleMap
[2017.04.18-10.24.26:542][859]LogPlayLevel: PIE: World Init took: (0.001831s)
[2017.04.18-10.24.26:542][859]LogPlayLevel: PIE: Created PIE world by copying editor world from /Game/FirstPersonCPP/Maps/FirstPersonExampleMap.FirstPersonExampleMap to /Game/FirstPersonCPP/Maps/UEDPIE_0_FirstPersonExampleMap.FirstPersonExampleMap (0.070262s)
[2017.04.18-10.24.26:643][859]LogInit: XAudio2 using 'Headset Earphone (3- Logitech G933 Gaming Headset)' : 2 channels at 44.1 kHz using 16 bits per sample (channel mask 0x3)
[2017.04.18-10.24.26:666][859]LogInit: FAudioDevice initialized.
[2017.04.18-10.24.26:718][859]LogLoad: Game class is 'TefMineCraftGameMode'
[2017.04.18-10.24.26:721][859]LogWorld: Bringing World /Game/FirstPersonCPP/Maps/UEDPIE_0_FirstPersonExampleMap.FirstPersonExampleMap up for play (max tick rate 0) at 2017.04.18-03.24.26
[2017.04.18-10.24.26:721][859]LogWorld: Bringing up level for play took: 0.001236
[2017.04.18-10.24.26:722][859]PIE: Info Play in editor start time for /Game/FirstPersonCPP/Maps/UEDPIE_0_FirstPersonExampleMap 0.414
[2017.04.18-10.24.26:722][859]LogBlueprintUserMessages: Late PlayInEditor Detection: Level '/Game/FirstPersonCPP/Maps/FirstPersonExampleMap.FirstPersonExampleMap:PersistentLevel' has LevelScriptBlueprint '/Game/FirstPersonCPP/Maps/FirstPersonExampleMap.FirstPersonExampleMap:PersistentLevel.FirstPersonExampleMap' with GeneratedClass '/Game/FirstPersonCPP/Maps/FirstPersonExampleMap.FirstPersonExampleMap_C' with ClassGeneratedBy '/Game/FirstPersonCPP/Maps/FirstPersonExampleMap.FirstPersonExampleMap:PersistentLevel.FirstPersonExampleMap'
[2017.04.18-10.24.48:967][859]LogMaterial:Warning: Material /Game/StarterContent/Materials/M_Basic_Wall.M_Basic_Wall missing bUsedWithInstancedStaticMeshes=True! Default Material will be used in game.
[2017.04.18-10.24.48:967][859]LogMaterial:Warning:      The material will recompile every editor launch until resaved.
[2017.04.18-10.35.44:437][645]LogSavePackage: Save=386.11ms
[2017.04.18-10.35.44:437][645]LogSavePackage: Moving '../../../../../../Users/Liam/Documents/Unreal Projects/TefMineCraft/Saved/FirstPersonExampleMap0A20D40C4DDE98E350BA36A7B2591CA1.tmp' to '../../../../../../Users/Liam/Documents/Unreal Projects/TefMineCraft/Content/FirstPersonCPP/Maps/FirstPersonExampleMap.umap'
[2017.04.18-10.35.44:443][645]LogSavePackage:Display: Finished SavePackage ../../../../../../Users/Liam/Documents/Unreal Projects/TefMineCraft/Content/FirstPersonCPP/Maps/FirstPersonExampleMap.umap
[2017.04.18-10.35.44:634][645]LogSavePackage: Save=61.85ms
[2017.04.18-10.35.44:634][645]LogSavePackage: Moving '../../../../../../Users/Liam/Documents/Unreal Projects/TefMineCraft/Saved/FirstPersonExampleMap_BuiltData8512713C47A836B6843BADB93A44EBEB.tmp' to '../../../../../../Users/Liam/Documents/Unreal Projects/TefMineCraft/Content/FirstPersonCPP/Maps/FirstPersonExampleMap_BuiltData.uasset'
[2017.04.18-10.35.44:641][645]LogSavePackage:Display: Finished SavePackage ../../../../../../Users/Liam/Documents/Unreal Projects/TefMineCraft/Content/FirstPersonCPP/Maps/FirstPersonExampleMap_BuiltData.uasset
[2017.04.18-10.35.47:022][739]LogBlueprintUserMessages: Early EndPlayMap Detection: Level '/Game/FirstPersonCPP/Maps/FirstPersonExampleMap.FirstPersonExampleMap:PersistentLevel' has LevelScriptBlueprint '/Game/FirstPersonCPP/Maps/FirstPersonExampleMap.FirstPersonExampleMap:PersistentLevel.FirstPersonExampleMap' with GeneratedClass '/Game/FirstPersonCPP/Maps/FirstPersonExampleMap.FirstPersonExampleMap_C' with ClassGeneratedBy '/Game/FirstPersonCPP/Maps/FirstPersonExampleMap.FirstPersonExampleMap:PersistentLevel.FirstPersonExampleMap'
[2017.04.18-10.35.47:120][739]LogBlueprintUserMessages: Late EndPlayMap Detection: Level '/Game/FirstPersonCPP/Maps/FirstPersonExampleMap.FirstPersonExampleMap:PersistentLevel' has LevelScriptBlueprint '/Game/FirstPersonCPP/Maps/FirstPersonExampleMap.FirstPersonExampleMap:PersistentLevel.FirstPersonExampleMap' with GeneratedClass '/Game/FirstPersonCPP/Maps/FirstPersonExampleMap.FirstPersonExampleMap_C' with ClassGeneratedBy '/Game/FirstPersonCPP/Maps/FirstPersonExampleMap.FirstPersonExampleMap:PersistentLevel.FirstPersonExampleMap'
[2017.04.18-10.35.47:574][740]Cmd: QUIT_EDITOR
[2017.04.18-10.35.48:153][740]LogWindowsTextInputMethodSystem:Display: IME system now deactivated.
[2017.04.18-10.35.48:233][740]LogExit: Preparing to exit.
[2017.04.18-10.35.49:458][740]LogDirectoryWatcher: A directory notification for 'C:/Users/Liam/Documents/Unreal Projects/TefMineCraft/Content/' was aborted.
[2017.04.18-10.35.49:715][740]LogHoudiniEngine: HAPI Synchronous Deletion of  Started. HoudiniAsset = 0x0, 
[2017.04.18-10.35.49:729][740]LogExit: Editor shut down
[2017.04.18-10.35.49:731][740]LogExit: Transaction tracking system shut down
[2017.04.18-10.35.51:055][740]LogObj: Freed 0b from 0 cluster array pools.
[2017.04.18-10.35.51:058][740]LogExit: Object subsystem successfully closed.
[2017.04.18-10.35.51:306][740]LogD3D11RHI: Shutdown
[2017.04.18-10.35.51:306][740]LogD3D11RHI: CleanupD3DDevice
[2017.04.18-10.35.51:780][740]LogD3D11RHI: ~FD3D11DynamicRHI
[2017.04.18-10.35.52:872][740]LogModuleManager: Shutting down and abandoning module TefMineCraft (516)
[2017.04.18-10.35.52:872][740]LogModuleManager: Shutting down and abandoning module MovieSceneCapture (515)
[2017.04.18-10.35.52:872][740]LogModuleManager: Shutting down and abandoning module HierarchicalLODUtilities (512)
[2017.04.18-10.35.52:884][740]LogModuleManager: Shutting down and abandoning module BlueprintGraph (510)
[2017.04.18-10.35.52:884][740]LogModuleManager: Shutting down and abandoning module BlueprintProfiler (508)
[2017.04.18-10.35.52:943][740]LogModuleManager: Shutting down and abandoning module HierarchicalLODOutliner (506)
[2017.04.18-10.35.52:964][740]LogModuleManager: Shutting down and abandoning module CrashTracker (504)
[2017.04.18-10.35.52:964][740]LogModuleManager: Shutting down and abandoning module SceneOutliner (502)
[2017.04.18-10.35.52:964][740]LogModuleManager: Shutting down and abandoning module AddContentDialog (500)
[2017.04.18-10.35.52:975][740]LogDirectoryWatcher: A directory notification for 'C:/Program Files/Epic Games/UE_4.15/FeaturePacks/' was aborted.
[2017.04.18-10.35.53:028][740]LogModuleManager: Shutting down and abandoning module WidgetCarousel (499)
[2017.04.18-10.35.53:028][740]LogModuleManager: Shutting down and abandoning module EditorWidgets (496)
[2017.04.18-10.35.53:028][740]LogModuleManager: Shutting down and abandoning module CollectionManager (494)
[2017.04.18-10.35.53:053][740]LogDirectoryWatcher: A directory notification for 'C:/Users/Liam/Documents/Unreal Projects/TefMineCraft/Content/Collections/' was aborted.
[2017.04.18-10.35.53:053][740]LogDirectoryWatcher: A directory notification for 'C:/Users/Liam/Documents/Unreal Projects/TefMineCraft/Content/Developers/Liam/Collections/' was aborted.
[2017.04.18-10.35.53:053][740]LogDirectoryWatcher: A directory notification for 'C:/Users/Liam/Documents/Unreal Projects/TefMineCraft/Saved/Collections/' was aborted.
[2017.04.18-10.35.53:053][740]LogModuleManager: Shutting down and abandoning module StatsViewer (492)
[2017.04.18-10.35.53:066][740]LogModuleManager: Shutting down and abandoning module FoliageEdit (490)
[2017.04.18-10.35.53:066][740]LogModuleManager: Shutting down and abandoning module LandscapeEditor (488)
[2017.04.18-10.35.53:070][740]LogModuleManager: Shutting down and abandoning module SceneDepthPickerMode (486)
[2017.04.18-10.35.53:070][740]LogModuleManager: Shutting down and abandoning module ActorPickerMode (484)
[2017.04.18-10.35.53:070][740]LogModuleManager: Shutting down and abandoning module GeometryMode (482)
[2017.04.18-10.35.53:070][740]LogModuleManager: Shutting down and abandoning module TextureAlignMode (480)
[2017.04.18-10.35.53:070][740]LogModuleManager: Shutting down and abandoning module BspMode (478)
[2017.04.18-10.35.53:075][740]LogModuleManager: Shutting down and abandoning module HardwareSurvey (476)
[2017.04.18-10.35.53:080][740]LogModuleManager: Shutting down and abandoning module SequenceRecorderSections (474)
[2017.04.18-10.35.53:091][740]LogModuleManager: Shutting down and abandoning module AutomationWorker (472)
[2017.04.18-10.35.53:101][740]LogModuleManager: Shutting down and abandoning module HoudiniEngineEditor (470)
[2017.04.18-10.35.53:101][740]LogHoudiniEngineEditor: Shutting down the Houdini Engine Editor module.
[2017.04.18-10.35.53:133][740]LogModuleManager: Shutting down and abandoning module MatineeToLevelSequence (468)
[2017.04.18-10.35.53:141][740]LogModuleManager: Shutting down and abandoning module LevelSequenceEditor (466)
[2017.04.18-10.35.53:225][740]LogModuleManager: Shutting down and abandoning module PlacementMode (465)
[2017.04.18-10.35.53:226][740]LogModuleManager: Shutting down and abandoning module WmfMediaFactory (462)
[2017.04.18-10.35.53:226][740]LogModuleManager: Shutting down and abandoning module WmfMediaEditor (460)
[2017.04.18-10.35.53:226][740]LogModuleManager: Shutting down and abandoning module MfMediaFactory (458)
[2017.04.18-10.35.53:226][740]LogModuleManager: Shutting down and abandoning module MfMediaEditor (456)
[2017.04.18-10.35.53:226][740]LogModuleManager: Shutting down and abandoning module AvfMediaFactory (454)
[2017.04.18-10.35.53:226][740]LogModuleManager: Shutting down and abandoning module AvfMediaEditor (452)
[2017.04.18-10.35.53:226][740]LogModuleManager: Shutting down and abandoning module AndroidMediaFactory (450)
[2017.04.18-10.35.53:226][740]LogModuleManager: Shutting down and abandoning module Media (449)
[2017.04.18-10.35.53:226][740]LogModuleManager: Shutting down and abandoning module AndroidMediaEditor (446)
[2017.04.18-10.35.53:226][740]LogModuleManager: Shutting down and abandoning module CharacterAI (444)
[2017.04.18-10.35.53:226][740]LogModuleManager: Shutting down and abandoning module AudioCapture (442)
[2017.04.18-10.35.53:231][740]LogModuleManager: Shutting down and abandoning module SequenceRecorder (441)
[2017.04.18-10.35.53:259][740]LogModuleManager: Shutting down and abandoning module SmartSnapping (438)
[2017.04.18-10.35.53:259][740]LogModuleManager: Shutting down and abandoning module SessionServices (436)
[2017.04.18-10.35.53:259][740]LogModuleManager: Shutting down and abandoning module ViewportSnapping (434)
[2017.04.18-10.35.53:259][740]LogModuleManager: Shutting down and abandoning module ViewportInteraction (432)
[2017.04.18-10.35.53:259][740]LogModuleManager: Shutting down and abandoning module LogVisualizer (430)
[2017.04.18-10.35.53:290][740]LogModuleManager: Shutting down and abandoning module IntroTutorials (428)
[2017.04.18-10.35.53:310][740]LogModuleManager: Shutting down and abandoning module GameProjectGeneration (427)
[2017.04.18-10.35.53:331][740]LogModuleManager: Shutting down and abandoning module EditorLiveStreaming (424)
[2017.04.18-10.35.53:331][740]LogModuleManager: Shutting down and abandoning module IOSPlatformEditor (422)
[2017.04.18-10.35.53:331][740]LogModuleManager: Shutting down and abandoning module HTML5PlatformEditor (420)
[2017.04.18-10.35.53:331][740]LogModuleManager: Shutting down and abandoning module AndroidPlatformEditor (418)
[2017.04.18-10.35.53:341][740]LogModuleManager: Shutting down and abandoning module AndroidDeviceDetection (417)
[2017.04.18-10.35.54:283][740]LogModuleManager: Shutting down and abandoning module IOSRuntimeSettings (414)
[2017.04.18-10.35.54:283][740]LogModuleManager: Shutting down and abandoning module AndroidRuntimeSettings (412)
[2017.04.18-10.35.54:283][740]LogModuleManager: Shutting down and abandoning module InputBindingEditor (410)
[2017.04.18-10.35.54:293][740]LogModuleManager: Shutting down and abandoning module NiagaraEditor (408)
[2017.04.18-10.35.54:325][740]LogModuleManager: Shutting down and abandoning module MergeActors (406)
[2017.04.18-10.35.54:333][740]LogModuleManager: Shutting down and abandoning module SizeMap (404)
[2017.04.18-10.35.54:338][740]LogModuleManager: Shutting down and abandoning module TreeMap (402)
[2017.04.18-10.35.54:345][740]LogModuleManager: Shutting down and abandoning module ReferenceViewer (400)
[2017.04.18-10.35.54:345][740]LogModuleManager: Shutting down and abandoning module LocalizationDashboard (398)
[2017.04.18-10.35.54:412][740]LogModuleManager: Shutting down and abandoning module LocalizationService (397)
[2017.04.18-10.35.54:423][740]LogModuleManager: Shutting down and abandoning module HardwareTargeting (394)
[2017.04.18-10.35.54:459][740]LogModuleManager: Shutting down and abandoning module DeviceProfileEditor (392)
[2017.04.18-10.35.54:483][740]LogModuleManager: Shutting down and abandoning module UndoHistory (390)
[2017.04.18-10.35.54:502][740]LogModuleManager: Shutting down and abandoning module UserFeedback (388)
[2017.04.18-10.35.54:502][740]LogModuleManager: Shutting down and abandoning module XmlParser (386)
[2017.04.18-10.35.54:521][740]LogModuleManager: Shutting down and abandoning module Blutility (384)
[2017.04.18-10.35.54:529][740]LogModuleManager: Shutting down and abandoning module ProjectSettingsViewer (382)
[2017.04.18-10.35.54:529][740]LogModuleManager: Shutting down and abandoning module ProjectTargetPlatformEditor (381)
[2017.04.18-10.35.54:530][740]LogModuleManager: Shutting down and abandoning module EditorSettingsViewer (378)
[2017.04.18-10.35.54:530][740]LogModuleManager: Shutting down and abandoning module SettingsEditor (376)
[2017.04.18-10.35.54:535][740]LogModuleManager: Shutting down and abandoning module ProjectLauncher (374)
[2017.04.18-10.35.54:557][740]LogModuleManager: Shutting down and abandoning module SessionFrontend (372)
[2017.04.18-10.35.54:575][740]LogModuleManager: Shutting down and abandoning module ProfilerClient (370)
[2017.04.18-10.35.54:604][740]LogModuleManager: Shutting down and abandoning module DeviceManager (368)
[2017.04.18-10.35.54:615][740]LogModuleManager: Shutting down and abandoning module TargetDeviceServices (367)
[2017.04.18-10.35.54:658][740]LogModuleManager: Shutting down and abandoning module AutomationController (364)
[2017.04.18-10.35.54:669][740]LogModuleManager: Shutting down and abandoning module AutomationWindow (362)
[2017.04.18-10.35.54:709][740]LogModuleManager: Shutting down and abandoning module Layers (360)
[2017.04.18-10.35.54:750][740]LogModuleManager: Shutting down and abandoning module ComponentVisualizers (358)
[2017.04.18-10.35.54:750][740]LogModuleManager: Shutting down and abandoning module DetailCustomizations (356)
[2017.04.18-10.35.54:837][740]LogModuleManager: Shutting down and abandoning module PackagesDialog (354)
[2017.04.18-10.35.54:838][740]LogModuleManager: Shutting down and abandoning module Persona (352)
[2017.04.18-10.35.54:884][740]LogModuleManager: Shutting down and abandoning module AnimGraph (351)
[2017.04.18-10.35.54:884][740]LogModuleManager: Shutting down and abandoning module Kismet (348)
[2017.04.18-10.35.54:912][740]LogModuleManager: Shutting down and abandoning module GraphEditor (346)
[2017.04.18-10.35.54:913][740]LogModuleManager: Shutting down and abandoning module ClassViewer (344)
[2017.04.18-10.35.54:925][740]LogModuleManager: Shutting down and abandoning module Toolbox (342)
[2017.04.18-10.35.54:937][740]LogModuleManager: Shutting down and abandoning module ModuleUI (340)
[2017.04.18-10.35.54:977][740]LogModuleManager: Shutting down and abandoning module MovieSceneTools (338)
[2017.04.18-10.35.54:995][740]LogModuleManager: Shutting down and abandoning module OutputLog (336)
[2017.04.18-10.35.55:021][740]LogModuleManager: Shutting down and abandoning module GammaUI (334)
[2017.04.18-10.35.55:057][740]LogModuleManager: Shutting down and abandoning module Documentation (332)
[2017.04.18-10.35.55:057][740]LogModuleManager: Shutting down and abandoning module Niagara (330)
[2017.04.18-10.35.55:057][740]LogModuleManager: Shutting down and abandoning module StreamingPauseRendering (328)
[2017.04.18-10.35.55:057][740]LogModuleManager: Shutting down and abandoning module AnalyticsET (326)
[2017.04.18-10.35.55:057][740]LogModuleManager: Shutting down and abandoning module PortalServices (324)
[2017.04.18-10.35.55:057][740]LogModuleManager: Shutting down and abandoning module PortalRpc (322)
[2017.04.18-10.35.55:057][740]LogModuleManager: Shutting down and abandoning module MessagingRpc (320)
[2017.04.18-10.35.55:057][740]LogModuleManager: Shutting down and abandoning module AIModule (318)
[2017.04.18-10.35.55:057][740]LogModuleManager: Shutting down and abandoning module GameplayDebugger (317)
[2017.04.18-10.35.55:081][740]LogModuleManager: Shutting down and abandoning module AITestSuite (315)
[2017.04.18-10.35.55:081][740]LogModuleManager: Shutting down and abandoning module ProfilerService (312)
[2017.04.18-10.35.55:196][740]LogModuleManager: Shutting down and abandoning module TaskGraph (310)
[2017.04.18-10.35.55:256][740]LogModuleManager: Shutting down and abandoning module SteamVRController (308)
[2017.04.18-10.35.55:256][740]LogModuleManager: Shutting down and abandoning module SteamVR (306)
[2017.04.18-10.35.55:256][740]LogModuleManager: Shutting down and abandoning module ProceduralMeshComponentEditor (304)
[2017.04.18-10.35.55:256][740]LogModuleManager: Shutting down and abandoning module ProceduralMeshComponent (302)
[2017.04.18-10.35.55:256][740]LogModuleManager: Shutting down and abandoning module OculusLibrary (300)
[2017.04.18-10.35.55:256][740]LogModuleManager: Shutting down and abandoning module OculusInput (298)
[2017.04.18-10.35.55:256][740]LogModuleManager: Shutting down and abandoning module MobilePatchingUtils (296)
[2017.04.18-10.35.55:256][740]LogModuleManager: Shutting down and abandoning module HoudiniEngineRuntime (294)
[2017.04.18-10.35.55:256][740]LogHoudiniEngine: Shutting down the Houdini Engine module.
[2017.04.18-10.35.55:839][740]LogModuleManager: Shutting down and abandoning module CustomMeshComponent (292)
[2017.04.18-10.35.55:839][740]LogModuleManager: Shutting down and abandoning module CableComponent (290)
[2017.04.18-10.35.55:871][740]LogModuleManager: Shutting down and abandoning module ArchVisCharacter (288)
[2017.04.18-10.35.55:871][740]LogModuleManager: Shutting down and abandoning module MediaPlayerEditor (284)
[2017.04.18-10.35.56:021][740]LogModuleManager: Shutting down and abandoning module HTML5Networking (282)
[2017.04.18-10.35.56:021][740]LogModuleManager: Shutting down and abandoning module AlembicImporter (280)
[2017.04.18-10.35.56:058][740]LogModuleManager: Shutting down and abandoning module AlembicLibrary (279)
[2017.04.18-10.35.56:058][740]LogModuleManager: Shutting down and abandoning module GeometryCache (278)
[2017.04.18-10.35.56:066][740]LogModuleManager: Shutting down and abandoning module GeometryCacheEd (277)
[2017.04.18-10.35.56:066][740]LogModuleManager: Shutting down and abandoning module SuperSearchEditor (272)
[2017.04.18-10.35.56:066][740]LogModuleManager: Shutting down and abandoning module SuperSearch (271)
[2017.04.18-10.35.56:066][740]LogModuleManager: Shutting down and abandoning module SpeedTreeImporter (268)
[2017.04.18-10.35.56:066][740]LogModuleManager: Shutting down and abandoning module PluginBrowser (266)
[2017.04.18-10.35.56:164][740]LogModuleManager: Shutting down and abandoning module MobileLauncherProfileWizard (264)
[2017.04.18-10.35.56:203][740]LogModuleManager: Shutting down and abandoning module EpicSurvey (262)
[2017.04.18-10.35.56:203][740]LogModuleManager: Shutting down and abandoning module VisualStudioSourceCodeAccess (260)
[2017.04.18-10.35.56:203][740]LogModuleManager: Shutting down and abandoning module DesktopPlatform (259)
[2017.04.18-10.35.56:258][740]LogModuleManager: Shutting down and abandoning module UObjectPlugin (256)
[2017.04.18-10.35.56:258][740]LogModuleManager: Shutting down and abandoning module SubversionSourceControl (254)
[2017.04.18-10.35.56:315][740]LogModuleManager: Shutting down and abandoning module PerforceSourceControl (252)
[2017.04.18-10.35.56:353][740]LogModuleManager: Shutting down and abandoning module GitSourceControl (250)
[2017.04.18-10.35.56:363][740]LogModuleManager: Shutting down and abandoning module SourceControl (249)
[2017.04.18-10.35.56:376][740]LogModuleManager: Shutting down and abandoning module LightPropagationVolumeEditor (246)
[2017.04.18-10.35.56:377][740]LogModuleManager: Shutting down and abandoning module PaperTiledImporter (244)
[2017.04.18-10.35.56:377][740]LogModuleManager: Shutting down and abandoning module PaperSpriteSheetImporter (242)
[2017.04.18-10.35.56:377][740]LogModuleManager: Shutting down and abandoning module Paper2DEditor (240)
[2017.04.18-10.35.56:415][740]LogModuleManager: Shutting down and abandoning module MeshPaint (239)
[2017.04.18-10.35.56:423][740]LogModuleManager: Shutting down and abandoning module LevelEditor (237)
[2017.04.18-10.35.56:472][740]LogModuleManager: Shutting down and abandoning module PixelInspectorModule (236)
[2017.04.18-10.35.56:581][740]LogModuleManager: Shutting down and abandoning module MainFrame (234)
[2017.04.18-10.35.56:581][740]LogModuleManager: Shutting down and abandoning module HotReload (233)
[2017.04.18-10.35.56:581][740]LogDirectoryWatcher: A directory notification for 'C:/Users/Liam/Documents/Unreal Projects/TefMineCraft/Binaries/Win64' was aborted.
[2017.04.18-10.35.56:635][740]LogModuleManager: Shutting down and abandoning module ContentBrowser (229)
[2017.04.18-10.35.56:636][740]LogModuleManager: Shutting down and abandoning module SimplexNoise (224)
[2017.04.18-10.35.56:636][740]LogModuleManager: Shutting down and abandoning module PhysXVehiclesEditor (222)
[2017.04.18-10.35.56:661][740]LogModuleManager: Shutting down and abandoning module PhysXVehicles (220)
[2017.04.18-10.35.56:661][740]LogModuleManager: Shutting down and abandoning module LocationServicesBPLibrary (218)
[2017.04.18-10.35.56:661][740]LogModuleManager: Shutting down and abandoning module UdpMessaging (216)
[2017.04.18-10.35.56:762][740]LogModuleManager: Shutting down and abandoning module TcpMessaging (214)
[2017.04.18-10.35.56:882][740]LogModuleManager: Shutting down and abandoning module GameplayTagsEditor (212)
[2017.04.18-10.35.56:936][740]LogModuleManager: Shutting down and abandoning module FacialAnimationEditor (210)
[2017.04.18-10.35.56:954][740]LogModuleManager: Shutting down and abandoning module FacialAnimation (208)
[2017.04.18-10.35.56:955][740]LogModuleManager: Shutting down and abandoning module LightPropagationVolumeRuntime (206)
[2017.04.18-10.35.56:955][740]LogModuleManager: Shutting down and abandoning module Paper2D (204)
[2017.04.18-10.35.56:965][740]LogModuleManager: Shutting down and abandoning module WindowsMoviePlayer (202)
[2017.04.18-10.35.56:978][740]LogModuleManager: Shutting down and abandoning module WmfMedia (200)
[2017.04.18-10.35.56:980][740]LogModuleManager: Shutting down and abandoning module MfMedia (198)
[2017.04.18-10.35.56:980][740]LogModuleManager: Shutting down and abandoning module MediaAssets (196)
[2017.04.18-10.35.56:980][740]LogModuleManager: Shutting down and abandoning module GameLiveStreaming (194)
[2017.04.18-10.35.57:002][740]LogModuleManager: Shutting down and abandoning module VREditor (192)
[2017.04.18-10.35.57:002][740]LogModuleManager: Shutting down and abandoning module GameplayTasksEditor (190)
[2017.04.18-10.35.57:002][740]LogModuleManager: Shutting down and abandoning module BehaviorTreeEditor (188)
[2017.04.18-10.35.57:220][740]LogModuleManager: Shutting down and abandoning module FunctionalTesting (186)
[2017.04.18-10.35.57:220][740]LogModuleManager: Shutting down and abandoning module CollisionAnalyzer (184)
[2017.04.18-10.35.57:248][740]LogModuleManager: Shutting down and abandoning module UMG (182)
[2017.04.18-10.35.57:328][740]LogModuleManager: Shutting down and abandoning module UMGEditor (181)
[2017.04.18-10.35.57:449][740]LogModuleManager: Shutting down and abandoning module Sequencer (180)
[2017.04.18-10.35.57:493][740]LogModuleManager: Shutting down and abandoning module AssetTools (178)
[2017.04.18-10.35.57:664][740]LogModuleManager: Shutting down and abandoning module MessageLog (177)
[2017.04.18-10.35.57:664][740]LogModuleManager: Shutting down and abandoning module WorkspaceMenuStructure (176)
[2017.04.18-10.35.57:664][740]LogModuleManager: Shutting down and abandoning module SlateReflector (170)
[2017.04.18-10.35.57:718][740]LogModuleManager: Shutting down and abandoning module Slate (168)
[2017.04.18-10.35.57:718][740]LogModuleManager: Shutting down and abandoning module EditorStyle (166)
[2017.04.18-10.35.57:742][740]LogModuleManager: Shutting down and abandoning module SourceCodeAccess (164)
[2017.04.18-10.35.57:762][740]LogModuleManager: Shutting down and abandoning module HeadMountedDisplay (162)
[2017.04.18-10.35.57:762][740]LogModuleManager: Shutting down and abandoning module XAudio2 (160)
[2017.04.18-10.35.57:762][740]LogModuleManager: Shutting down and abandoning module Networking (158)
[2017.04.18-10.35.57:763][740]LogModuleManager: Shutting down and abandoning module Core (154)
[2017.04.18-10.35.57:763][740]LogModuleManager: Shutting down and abandoning module AssetRegistry (152)
[2017.04.18-10.35.57:998][740]LogDirectoryWatcher: A directory notification for '../../../Engine/Content/' was aborted.
[2017.04.18-10.35.57:998][740]LogDirectoryWatcher: A directory notification for '../../../../../../Users/Liam/Documents/Unreal Projects/TefMineCraft/Content/' was aborted.
[2017.04.18-10.35.57:998][740]LogDirectoryWatcher: A directory notification for '../../../Engine/Plugins/2D/Paper2D/Content/' was aborted.
[2017.04.18-10.35.57:998][740]LogDirectoryWatcher: A directory notification for '../../../Engine/Plugins/Runtime/HoudiniEngine/Content/' was aborted.
[2017.04.18-10.35.58:050][740]LogModuleManager: Shutting down and abandoning module DirectoryWatcher (151)
[2017.04.18-10.35.58:058][740]LogModuleManager: Shutting down and abandoning module KismetCompiler (148)
[2017.04.18-10.35.58:058][740]LogModuleManager: Shutting down and abandoning module PhysXFormats (146)
[2017.04.18-10.35.58:058][740]LogModuleManager: Shutting down and abandoning module MeshUtilities (144)
[2017.04.18-10.35.58:121][740]LogModuleManager: Shutting down and abandoning module SimplygonSwarm (143)
[2017.04.18-10.35.58:149][740]LogModuleManager: Shutting down and abandoning module SimplygonMeshReduction (141)
[2017.04.18-10.35.58:149][740]LogModuleManager: Shutting down and abandoning module QuadricMeshReduction (139)
[2017.04.18-10.35.58:160][740]LogModuleManager: Shutting down and abandoning module PropertyEditor (137)
[2017.04.18-10.35.58:160][740]LogModuleManager: Shutting down and abandoning module DerivedDataCache (134)
[2017.04.18-10.35.58:162][740]LogDerivedDataCache: Shutdown
[2017.04.18-10.35.58:162][740]LogModuleManager: Shutting down and abandoning module TargetPlatform (132)
[2017.04.18-10.35.58:163][740]LogModuleManager: Shutting down and abandoning module VulkanShaderFormat (131)
[2017.04.18-10.35.58:175][740]LogModuleManager: Shutting down and abandoning module ShaderFormatOpenGL (129)
[2017.04.18-10.35.58:204][740]LogModuleManager: Shutting down and abandoning module ShaderFormatD3D (127)
[2017.04.18-10.35.58:211][740]LogModuleManager: Shutting down and abandoning module MetalShaderFormat (125)
[2017.04.18-10.35.58:221][740]LogModuleManager: Shutting down and abandoning module TextureFormatUncompressed (123)
[2017.04.18-10.35.58:221][740]LogModuleManager: Shutting down and abandoning module TextureFormatPVR (121)
[2017.04.18-10.35.58:221][740]LogModuleManager: Shutting down and abandoning module TextureFormatDXT (119)
[2017.04.18-10.35.58:243][740]LogModuleManager: Shutting down and abandoning module TextureFormatIntelISPCTexComp (117)
[2017.04.18-10.35.58:338][740]LogModuleManager: Shutting down and abandoning module TextureFormatASTC (115)
[2017.04.18-10.35.58:338][740]LogModuleManager: Shutting down and abandoning module ImageWrapper (114)
[2017.04.18-10.35.58:338][740]LogModuleManager: Shutting down and abandoning module TextureFormatAndroid (111)
[2017.04.18-10.35.58:338][740]LogModuleManager: Shutting down and abandoning module AudioFormatOpus (109)
[2017.04.18-10.35.58:349][740]LogModuleManager: Shutting down and abandoning module AudioFormatOgg (107)
[2017.04.18-10.35.58:349][740]LogModuleManager: Shutting down and abandoning module AudioFormatADPCM (105)
[2017.04.18-10.35.58:349][740]LogModuleManager: Shutting down and abandoning module LinuxTargetPlatform (103)
[2017.04.18-10.35.58:349][740]LogModuleManager: Shutting down and abandoning module LinuxServerTargetPlatform (101)
[2017.04.18-10.35.58:349][740]LogModuleManager: Shutting down and abandoning module LinuxNoEditorTargetPlatform (99)
[2017.04.18-10.35.58:349][740]LogModuleManager: Shutting down and abandoning module LinuxClientTargetPlatform (97)
[2017.04.18-10.35.58:349][740]LogModuleManager: Shutting down and abandoning module TVOSTargetPlatform (95)
[2017.04.18-10.35.58:349][740]LogModuleManager: Shutting down and abandoning module Messaging (93)
[2017.04.18-10.35.58:349][740]LogModuleManager: Shutting down and abandoning module IOSTargetPlatform (91)
[2017.04.18-10.35.58:349][740]LogModuleManager: Shutting down and abandoning module HTML5TargetPlatform (89)
[2017.04.18-10.35.58:349][740]LogModuleManager: Shutting down and abandoning module Android_PVRTCTargetPlatform (87)
[2017.04.18-10.35.58:349][740]LogModuleManager: Shutting down and abandoning module Android_MultiTargetPlatform (85)
[2017.04.18-10.35.58:349][740]LogModuleManager: Shutting down and abandoning module Android_ETC2TargetPlatform (83)
[2017.04.18-10.35.58:349][740]LogModuleManager: Shutting down and abandoning module Android_ETC1TargetPlatform (81)
[2017.04.18-10.35.58:349][740]LogModuleManager: Shutting down and abandoning module Android_DXTTargetPlatform (79)
[2017.04.18-10.35.58:349][740]LogModuleManager: Shutting down and abandoning module Android_ATCTargetPlatform (77)
[2017.04.18-10.35.58:349][740]LogModuleManager: Shutting down and abandoning module Android_ASTCTargetPlatform (75)
[2017.04.18-10.35.58:349][740]LogModuleManager: Shutting down and abandoning module AndroidTargetPlatform (73)
[2017.04.18-10.35.58:349][740]LogModuleManager: Shutting down and abandoning module WindowsTargetPlatform (71)
[2017.04.18-10.35.58:349][740]LogModuleManager: Shutting down and abandoning module WindowsServerTargetPlatform (69)
[2017.04.18-10.35.58:349][740]LogModuleManager: Shutting down and abandoning module WindowsNoEditorTargetPlatform (67)
[2017.04.18-10.35.58:349][740]LogModuleManager: Shutting down and abandoning module WindowsClientTargetPlatform (65)
[2017.04.18-10.35.58:349][740]LogModuleManager: Shutting down and abandoning module MacTargetPlatform (63)
[2017.04.18-10.35.58:350][740]LogModuleManager: Shutting down and abandoning module MacServerTargetPlatform (61)
[2017.04.18-10.35.58:350][740]LogModuleManager: Shutting down and abandoning module MacNoEditorTargetPlatform (59)
[2017.04.18-10.35.58:350][740]LogModuleManager: Shutting down and abandoning module MacClientTargetPlatform (57)
[2017.04.18-10.35.58:350][740]LogModuleManager: Shutting down and abandoning module AllDesktopTargetPlatform (55)
[2017.04.18-10.35.58:350][740]LogModuleManager: Shutting down and abandoning module InputCore (52)
[2017.04.18-10.35.58:350][740]LogModuleManager: Shutting down and abandoning module Settings (50)
[2017.04.18-10.35.58:350][740]LogModuleManager: Shutting down and abandoning module OculusRift (48)
[2017.04.18-10.35.58:354][740]LogModuleManager: Shutting down and abandoning module GearVR (46)
[2017.04.18-10.35.58:354][740]LogModuleManager: Shutting down and abandoning module ExampleDeviceProfileSelector (44)
[2017.04.18-10.35.58:354][740]LogModuleManager: Shutting down and abandoning module OnlineBlueprintSupport (42)
[2017.04.18-10.35.58:354][740]LogModuleManager: Shutting down and abandoning module OnlineSubsystem (38)
[2017.04.18-10.35.58:354][740]LogOnline:Display: Unloading online subsystem: NULL
[2017.04.18-10.35.58:371][740]LogModuleManager: Shutting down and abandoning module XMPP (37)
[2017.04.18-10.35.58:391][740]LogModuleManager: Shutting down and abandoning module HTTP (35)
[2017.04.18-10.35.58:398][740]LogHttp:Display: Http module shutting down, but needs to wait on 1 outstanding Http requests:
[2017.04.18-10.35.58:398][740]LogHttp:Display: 	verb=[POST] url=[https://datarouter.ol.epicgames.com/datarouter/api/v1/public/data?SessionID=%7B29ECE4EA-45E8-2D3E-7579-26938928C361%7D&AppID=UEEditor.Rocket.Release&AppVersion=4.15.1-3348071%2B%2B%2BUE4%2BRelease-4.15&UserID=3c53aeb14f8381cf589af9a05a045162%7C191bcd9e71e141a7a207a951597e632a%7C6892023d-28ec-4f87-8958-26e7706dbce6&AppEnvironment=datacollector-binary&UploadType=eteventstream] status=Processing
[2017.04.18-10.35.58:433][740]LogModuleManager: Shutting down and abandoning module SSL (34)
[2017.04.18-10.35.58:440][740]LogModuleManager: Shutting down and abandoning module AudioEditor (30)
[2017.04.18-10.35.58:451][740]LogModuleManager: Shutting down and abandoning module TextureCompressor (28)
[2017.04.18-10.35.58:460][740]LogModuleManager: Shutting down and abandoning module ShaderCore (26)
[2017.04.18-10.35.58:460][740]LogModuleManager: Shutting down and abandoning module Landscape (24)
[2017.04.18-10.35.58:460][740]LogModuleManager: Shutting down and abandoning module SlateRHIRenderer (22)
[2017.04.18-10.35.58:508][740]LogModuleManager: Shutting down and abandoning module OpenGLDrv (20)
[2017.04.18-10.35.58:515][740]LogModuleManager: Shutting down and abandoning module D3D11RHI (18)
[2017.04.18-10.35.58:516][740]LogModuleManager: Shutting down and abandoning module AnimGraphRuntime (16)
[2017.04.18-10.35.58:526][740]LogModuleManager: Shutting down and abandoning module Renderer (14)
[2017.04.18-10.35.58:526][740]LogModuleManager: Shutting down and abandoning module Engine (12)
[2017.04.18-10.35.58:526][740]LogModuleManager: Shutting down and abandoning module CoreUObject (10)
[2017.04.18-10.35.58:526][740]LogModuleManager: Shutting down and abandoning module NetworkFile (8)
[2017.04.18-10.35.58:534][740]LogModuleManager: Shutting down and abandoning module StreamingFile (6)
[2017.04.18-10.35.58:538][740]LogModuleManager: Shutting down and abandoning module SandboxFile (4)
[2017.04.18-10.35.58:538][740]LogModuleManager: Shutting down and abandoning module PakFile (2)
[2017.04.18-10.35.58:554][740]LogExit: Exiting.
[2017.04.18-10.35.58:565][740]Log file closed, 04/18/17 03:35:58
